#-----------------------------------------------------------
# Vivado v2018.2 (64-bit)
# SW Build 2258646 on Thu Jun 14 20:03:12 MDT 2018
# IP Build 2256618 on Thu Jun 14 22:10:49 MDT 2018
# Start of session at: Thu Dec 27 20:54:03 2018
# Process ID: 11868
# Current directory: F:/dismas/Ripple_Carry_Adder
# Command line: vivado.exe -gui_launcher_event rodinguilauncherevent10596 F:\dismas\Ripple_Carry_Adder\Ripple_Carry_Adder.xpr
# Log file: F:/dismas/Ripple_Carry_Adder/vivado.log
# Journal file: F:/dismas/Ripple_Carry_Adder\vivado.jou
#-----------------------------------------------------------
start_gui
open_project F:/dismas/Ripple_Carry_Adder/Ripple_Carry_Adder.xpr
INFO: [Project 1-313] Project file moved from 'C:/Users/Isaac Ewa/Desktop/lab 5/Ripple_Carry_Adder/.Xil/Vivado-6304-Hizicque-PC/PrjAr/_X_' since last save.
Scanning sources...
Finished scanning sources
INFO: [IP_Flow 19-234] Refreshing IP repositories
INFO: [IP_Flow 19-1704] No user IP repositories specified
INFO: [IP_Flow 19-2313] Loaded Vivado IP repository 'C:/DigiXilinx/Vivado/2018.2/data/ip'.
open_project: Time (s): cpu = 00:00:16 ; elapsed = 00:00:09 . Memory (MB): peak = 776.270 ; gain = 58.500
update_compile_order -fileset sources_1
